Mon Mar 11 15:07:50 CET 2019 : Apache Derby Network Server - 10.11.1.2 - (1629631) démarré et prêt à accepter les connexions sur le port 1527
----------------------------------------------------------------
Mon Mar 11 15:07:51 CET 2019:
Amorçage de Derby version The Apache Software Foundation - Apache Derby - 10.11.1.2 - (1629631) : instance a816c00e-0169-6d14-adcb-00005eb451ff 
dans le répertoire de base de données T:\HMP Project\HardisMarketPlace\Back\DB\HMP avec le chargeur de classe sun.misc.Launcher$AppClassLoader@1d44bcfa
Chargé de file:/C:/Program%20Files/Java/jdk1.8.0_141/db/lib/derby.jar
java.vendor=Oracle Corporation
java.runtime.version=1.8.0_141-b15
user.dir=C:\Program Files\Java\jdk1.8.0_141\db
os.name=Windows 10
os.arch=amd64
os.version=10.0
derby.system.home=T:\HMP Project\HardisMarketPlace\Back\DB
Chargeur de classe de la base de données démarré - derby.database.classpath = ''
----------------------------------------------------------------
Mon Mar 11 15:07:51 CET 2019:
Fermeture de l'instance a816c00e-0169-6d14-adcb-00005eb451ff sur le répertoire de base de données T:\HMP Project\HardisMarketPlace\Back\DB\HMP avec le chargeur de classe sun.misc.Launcher$AppClassLoader@1d44bcfa 
Mon Mar 11 15:07:52 CET 2019 Thread[DRDAConnThread_2,5,main] (DATABASE = HMP), (DRDAID = {2}), Arrêt de la base de données 'HMP'.
----------------------------------------------------------------
Mon Mar 11 15:11:06 CET 2019:
Amorçage de Derby version The Apache Software Foundation - Apache Derby - 10.11.1.2 - (1629631) : instance a65c80ac-0169-6d14-adcb-00005eb451ff 
dans le répertoire de base de données T:\HMP Project\HardisMarketPlace\Back\DB\HMP avec le chargeur de classe sun.misc.Launcher$AppClassLoader@1d44bcfa
Chargé de file:/C:/Program%20Files/Java/jdk1.8.0_141/db/lib/derby.jar
java.vendor=Oracle Corporation
java.runtime.version=1.8.0_141-b15
user.dir=C:\Program Files\Java\jdk1.8.0_141\db
os.name=Windows 10
os.arch=amd64
os.version=10.0
derby.system.home=T:\HMP Project\HardisMarketPlace\Back\DB
Chargeur de classe de la base de données démarré - derby.database.classpath = ''
